app/manifest-merger-release-report.txt
-- Merging decision tree log ---
manifest
ADDED from AndroidManifest.xml:2:1
	xmlns:android
		ADDED from AndroidManifest.xml:2:11
	package
		ADDED from AndroidManifest.xml:3:5
		INJECTED from AndroidManifest.xml:0:0
		INJECTED from AndroidManifest.xml:0:0
	android:versionName
		INJECTED from AndroidManifest.xml:0:0
		INJECTED from AndroidManifest.xml:0:0
	android:versionCode
		INJECTED from AndroidManifest.xml:0:0
		INJECTED from AndroidManifest.xml:0:0
uses-permission#android.permission.INTERNET
ADDED from AndroidManifest.xml:4:5
	android:name
		ADDED from AndroidManifest.xml:4:22
uses-permission#android.permission.ACCESS_NETWORK_STATE
ADDED from AndroidManifest.xml:5:5
	android:name
		ADDED from AndroidManifest.xml:5:22
uses-permission#android.permission.WRITE_EXTERNAL_STORAGE
ADDED from AndroidManifest.xml:6:5
	android:name
		ADDED from AndroidManifest.xml:6:22
uses-permission#android.permission.ACCESS_COARSE_LOCATION
ADDED from AndroidManifest.xml:9:5
	android:name
		ADDED from AndroidManifest.xml:9:22
uses-permission#android.permission.ACCESS_FINE_LOCATION
ADDED from AndroidManifest.xml:10:5
	android:name
		ADDED from AndroidManifest.xml:10:22
uses-permission#com.google.android.providers.gsf.permission.READ_GSERVICES
ADDED from AndroidManifest.xml:11:5
	android:name
		ADDED from AndroidManifest.xml:11:22
uses-permission#sudeep.coep.restaurant.permission.MAPS_RECEIVE
ADDED from AndroidManifest.xml:12:5
	android:name
		ADDED from AndroidManifest.xml:12:22
uses-permission#android.permission.CALL_PHONE
ADDED from AndroidManifest.xml:13:5
	android:name
		ADDED from AndroidManifest.xml:13:22
uses-feature#0x00020000
ADDED from AndroidManifest.xml:15:5
	android:required
		ADDED from AndroidManifest.xml:17:9
	android:glEsVersion
		ADDED from AndroidManifest.xml:16:9
application
ADDED from AndroidManifest.xml:19:5
MERGED from com.android.support:appcompat-v7:21.0.3:16:5
MERGED from com.android.support:support-v4:21.0.3:16:5
MERGED from com.android.support:support-v4:21.0.3:16:5
MERGED from com.android.support:recyclerview-v7:21.0.2:17:5
MERGED from com.android.support:support-v4:21.0.3:16:5
MERGED from com.google.android.gms:play-services:6.5.87:20:5
MERGED from com.android.support:support-v4:21.0.3:16:5
MERGED from EatNow:FloatingButton:unspecified:12:5
MERGED from com.android.support:recyclerview-v7:21.0.2:17:5
MERGED from com.android.support:support-v4:21.0.3:16:5
	android:label
		ADDED from AndroidManifest.xml:22:9
	android:allowBackup
		ADDED from AndroidManifest.xml:20:9
	android:icon
		ADDED from AndroidManifest.xml:21:9
	android:theme
		ADDED from AndroidManifest.xml:23:9
meta-data#com.google.android.maps.v2.API_KEY
ADDED from AndroidManifest.xml:25:9
	android:name
		ADDED from AndroidManifest.xml:26:13
	android:value
		ADDED from AndroidManifest.xml:27:13
activity#com.sudeep.gujar.eatnow.MainActivity
ADDED from AndroidManifest.xml:28:9
	android:label
		ADDED from AndroidManifest.xml:30:13
	android:name
		ADDED from AndroidManifest.xml:29:13
intent-filter#android.intent.action.MAIN+android.intent.category.LAUNCHER
ADDED from AndroidManifest.xml:31:13
action#android.intent.action.MAIN
ADDED from AndroidManifest.xml:32:17
	android:name
		ADDED from AndroidManifest.xml:32:25
category#android.intent.category.LAUNCHER
ADDED from AndroidManifest.xml:33:17
	android:name
		ADDED from AndroidManifest.xml:33:27
activity#com.sudeep.gujar.eatnow.maps
ADDED from AndroidManifest.xml:36:9
	android:label
		ADDED from AndroidManifest.xml:38:13
	android:name
		ADDED from AndroidManifest.xml:37:13
intent-filter#android.intent.category.DEFAULT+sudeep.coep.restaurant.MAPS
ADDED from AndroidManifest.xml:39:13
action#sudeep.coep.restaurant.MAPS
ADDED from AndroidManifest.xml:40:17
	android:name
		ADDED from AndroidManifest.xml:40:25
category#android.intent.category.DEFAULT
ADDED from AndroidManifest.xml:41:17
	android:name
		ADDED from AndroidManifest.xml:41:27
activity#com.sudeep.gujar.eatnow.mapdirection
ADDED from AndroidManifest.xml:44:9
	android:label
		ADDED from AndroidManifest.xml:46:13
	android:name
		ADDED from AndroidManifest.xml:45:13
intent-filter#android.intent.category.DEFAULT+sudeep.coep.restaurant.MAPDIRECTION
ADDED from AndroidManifest.xml:47:13
action#sudeep.coep.restaurant.MAPDIRECTION
ADDED from AndroidManifest.xml:48:17
	android:name
		ADDED from AndroidManifest.xml:48:25
activity#com.sudeep.gujar.eatnow.ReviewTip
ADDED from AndroidManifest.xml:52:9
	android:label
		ADDED from AndroidManifest.xml:54:13
	android:name
		ADDED from AndroidManifest.xml:53:13
intent-filter#android.intent.category.DEFAULT+sudeep.coep.restaurant.REVIEWTIP
ADDED from AndroidManifest.xml:55:13
action#sudeep.coep.restaurant.REVIEWTIP
ADDED from AndroidManifest.xml:56:17
	android:name
		ADDED from AndroidManifest.xml:56:25
activity#com.sudeep.gujar.eatnow.QR_code
ADDED from AndroidManifest.xml:60:9
	android:label
		ADDED from AndroidManifest.xml:62:13
	android:name
		ADDED from AndroidManifest.xml:61:13
intent-filter#android.intent.category.DEFAULT+sudeep.coep.restaurant.QR_CODE
ADDED from AndroidManifest.xml:63:13
action#sudeep.coep.restaurant.QR_CODE
ADDED from AndroidManifest.xml:64:17
	android:name
		ADDED from AndroidManifest.xml:64:25
activity#com.sudeep.gujar.eatnow.Venue
ADDED from AndroidManifest.xml:68:9
	android:label
		ADDED from AndroidManifest.xml:70:13
	android:name
		ADDED from AndroidManifest.xml:69:13
intent-filter#android.intent.category.DEFAULT+sudeep.coep.restaurant.VENUE
ADDED from AndroidManifest.xml:71:13
action#sudeep.coep.restaurant.VENUE
ADDED from AndroidManifest.xml:72:17
	android:name
		ADDED from AndroidManifest.xml:72:25
service#com.sudeep.gujar.eatnow.listservice
ADDED from AndroidManifest.xml:76:9
	android:name
		ADDED from AndroidManifest.xml:76:18
uses-sdk
INJECTED from AndroidManifest.xml:0:0 reason: use-sdk injection requested
MERGED from com.android.support:appcompat-v7:21.0.3:15:5
MERGED from com.android.support:support-v4:21.0.3:15:5
MERGED from com.android.support:support-v4:21.0.3:15:5
MERGED from com.android.support:recyclerview-v7:21.0.2:15:5
MERGED from com.android.support:support-v4:21.0.3:15:5
MERGED from com.google.android.gms:play-services:6.5.87:18:5
MERGED from com.android.support:support-v4:21.0.3:15:5
MERGED from EatNow:FloatingButton:unspecified:8:5
MERGED from com.android.support:recyclerview-v7:21.0.2:15:5
MERGED from com.android.support:support-v4:21.0.3:15:5
	android:targetSdkVersion
		INJECTED from AndroidManifest.xml:0:0
		INJECTED from AndroidManifest.xml:0:0
	android:minSdkVersion
		INJECTED from AndroidManifest.xml:0:0
		INJECTED from AndroidManifest.xml:0:0
activity#android.support.v7.widget.TestActivity
ADDED from com.android.support:recyclerview-v7:21.0.2:18:9
MERGED from com.android.support:recyclerview-v7:21.0.2:18:9
	android:label
		ADDED from com.android.support:recyclerview-v7:21.0.2:18:19
	android:name
		ADDED from com.android.support:recyclerview-v7:21.0.2:18:60
meta-data#com.google.android.gms.version
ADDED from com.google.android.gms:play-services:6.5.87:21:9
	android:name
		ADDED from com.google.android.gms:play-services:6.5.87:22:13
	android:value
		ADDED from com.google.android.gms:play-services:6.5.87:23:13